Hostname:                                     Jann-Lenovo
Betriebssystemversion:                        Linux 4.4.0-19041-Microsoft x86_64
Anzahl der CPU-Cores:                         8
Modellname der CPU:                           11th Gen Intel(R) Core(TM) i7-1165G7 @ 2.80GHz
Gesamter und genutzter Arbeitsspeicher:       15Gi / 7.6Gi
Verfügbarer Speicher:                         5.2T
Freier Speicher:                              31%
Gesamtgröße des Dateisystems:                 7.5T
Belegter Speicher auf dem Dateisystem:        2.3T
Freier Speicher auf dem Dateisystem:          5.2T
Aktuelle Systemlaufzeit:                      up 26 minutes
Aktuelle Systemzeit:                          2023-06-23_08:58
Hostname:                                     Jann-Lenovo
Betriebssystemversion:                        Linux 4.4.0-19041-Microsoft x86_64
Anzahl der CPU-Cores:                         8
Modellname der CPU:                           11th Gen Intel(R) Core(TM) i7-1165G7 @ 2.80GHz
Gesamter und genutzter Arbeitsspeicher:       15Gi / 7.6Gi
Verfügbarer Speicher:                         5.2T
Freier Speicher:                              31%
Gesamtgröße des Dateisystems:                 7.5T
Belegter Speicher auf dem Dateisystem:        2.3T
Freier Speicher auf dem Dateisystem:          5.2T
Aktuelle Systemlaufzeit:                      up 32 minutes
Aktuelle Systemzeit:                          2023-06-23_09:05
Hostname:                                     Jann-Lenovo
Betriebssystemversion:                        Linux 4.4.0-19041-Microsoft x86_64
Anzahl der CPU-Cores:                         8
Modellname der CPU:                           11th Gen Intel(R) Core(TM) i7-1165G7 @ 2.80GHz
Gesamter und genutzter Arbeitsspeicher:       15Gi / 7.8Gi
Verfügbarer Speicher:                         5.2T
Freier Speicher:                              31%
Gesamtgröße des Dateisystems:                 7.5T
Belegter Speicher auf dem Dateisystem:        2.3T
Freier Speicher auf dem Dateisystem:          5.2T
Aktuelle Systemlaufzeit:                      up 37 minutes
Aktuelle Systemzeit:                          2023-06-23_09:10
